2022-07-07 17:51:06,522 [Worker-4: Loading available Gradle versions] INFO  o.e.b.c.i.u.g.PublishedGradleVersions - Gradle version information cache is up-to-date. Trying to read.
2022-07-08 11:03:15,227 [Worker-1: Loading available Gradle versions] INFO  o.e.b.c.i.u.g.PublishedGradleVersions - Gradle version information cache is out-of-date. Trying to update.
2022-07-08 11:05:51,690 [Worker-3: Updating Maven Dependencies] INFO  o.e.m.c.i.l.LifecycleMappingFactory - Using org.eclipse.m2e.jdt.JarLifecycleMapping lifecycle mapping for MavenProject: com.caqh:Proview:0.0.1-SNAPSHOT @ E:\Automation\7-7-2022\ProViewTestAutomation\ProviewAutomation\pom.xml.
2022-07-08 11:06:26,127 [Worker-11: Building] INFO  o.e.m.c.i.l.LifecycleMappingFactory - Using org.eclipse.m2e.jdt.JarLifecycleMapping lifecycle mapping for MavenProject: com.caqh:Proview:0.0.1-SNAPSHOT @ E:\Automation\7-7-2022\ProViewTestAutomation\ProviewAutomation\pom.xml.
2022-07-08 11:06:57,822 [Worker-3: Updating Maven Dependencies] WARN  o.e.m.c.i.embedder.EclipseLogger - The artifact jexcelapi:jxl:jar:2.6 has been relocated to net.sourceforge.jexcelapi:jxl:jar:2.6
2022-07-08 11:06:57,837 [Worker-11: Building] WARN  o.e.m.c.i.embedder.EclipseLogger - The artifact jexcelapi:jxl:jar:2.6 has been relocated to net.sourceforge.jexcelapi:jxl:jar:2.6
2022-07-08 11:07:14,461 [Worker-11: Building] INFO  o.e.m.c.i.embedder.EclipseLogger - Source directory: E:\Automation\7-7-2022\ProViewTestAutomation\ProviewAutomation\API\FW added.
2022-07-08 11:07:14,461 [Worker-11: Building] INFO  o.e.m.c.i.embedder.EclipseLogger - Source directory: E:\Automation\7-7-2022\ProViewTestAutomation\ProviewAutomation\UI\FW added.
2022-07-08 11:07:14,461 [Worker-11: Building] INFO  o.e.m.c.i.embedder.EclipseLogger - Source directory: E:\Automation\7-7-2022\ProViewTestAutomation\ProviewAutomation\PDQS\FW added.
2022-07-08 11:07:14,461 [Worker-11: Building] INFO  o.e.m.c.i.embedder.EclipseLogger - Source directory: E:\Automation\7-7-2022\ProViewTestAutomation\ProviewAutomation\utils added.
2022-07-08 11:07:14,464 [Worker-11: Building] INFO  o.e.m.c.i.embedder.EclipseLogger - Test Source directory: E:\Automation\7-7-2022\ProViewTestAutomation\ProviewAutomation\API\Tests added.
2022-07-08 11:07:14,465 [Worker-11: Building] INFO  o.e.m.c.i.embedder.EclipseLogger - Test Source directory: E:\Automation\7-7-2022\ProViewTestAutomation\ProviewAutomation\PDQS\Tests added.
2022-07-08 11:07:16,196 [Worker-11: Building] WARN  o.e.m.c.i.embedder.EclipseLogger - Using platform encoding (UTF-8 actually) to copy filtered resources, i.e. build is platform dependent!
2022-07-08 11:07:16,234 [Worker-11: Building] INFO  o.e.m.c.i.embedder.EclipseLogger - Copying 598 resources
2022-07-08 11:08:22,627 [Worker-11: Building] WARN  o.e.m.c.i.embedder.EclipseLogger - Using platform encoding (UTF-8 actually) to copy filtered resources, i.e. build is platform dependent!
2022-07-08 11:08:22,652 [Worker-11: Building] INFO  o.e.m.c.i.embedder.EclipseLogger - skip non existing resourceDirectory E:\Automation\7-7-2022\ProViewTestAutomation\ProviewAutomation\src\test\resources
2022-07-08 11:08:28,693 [Worker-11: Updating Maven Dependencies] INFO  o.e.m.c.i.l.LifecycleMappingFactory - Using org.eclipse.m2e.jdt.JarLifecycleMapping lifecycle mapping for MavenProject: com.caqh:Proview:0.0.1-SNAPSHOT @ E:\Automation\7-7-2022\ProViewTestAutomation\ProviewAutomation\pom.xml.
2022-07-08 11:09:06,049 [Worker-11: Updating Maven Dependencies] WARN  o.e.m.c.i.embedder.EclipseLogger - The artifact jexcelapi:jxl:jar:2.6 has been relocated to net.sourceforge.jexcelapi:jxl:jar:2.6
2022-07-08 11:09:24,766 [Worker-11: Building] WARN  o.e.m.c.i.embedder.EclipseLogger - The artifact jexcelapi:jxl:jar:2.6 has been relocated to net.sourceforge.jexcelapi:jxl:jar:2.6
2022-07-08 11:09:27,247 [Worker-11: Building] INFO  o.e.m.c.i.embedder.EclipseLogger - Source directory: E:\Automation\7-7-2022\ProViewTestAutomation\ProviewAutomation\API\FW added.
2022-07-08 11:09:27,247 [Worker-11: Building] INFO  o.e.m.c.i.embedder.EclipseLogger - Source directory: E:\Automation\7-7-2022\ProViewTestAutomation\ProviewAutomation\UI\FW added.
2022-07-08 11:09:27,247 [Worker-11: Building] INFO  o.e.m.c.i.embedder.EclipseLogger - Source directory: E:\Automation\7-7-2022\ProViewTestAutomation\ProviewAutomation\PDQS\FW added.
2022-07-08 11:09:27,247 [Worker-11: Building] INFO  o.e.m.c.i.embedder.EclipseLogger - Source directory: E:\Automation\7-7-2022\ProViewTestAutomation\ProviewAutomation\utils added.
2022-07-08 11:09:27,250 [Worker-11: Building] INFO  o.e.m.c.i.embedder.EclipseLogger - Test Source directory: E:\Automation\7-7-2022\ProViewTestAutomation\ProviewAutomation\API\Tests added.
2022-07-08 11:09:27,251 [Worker-11: Building] INFO  o.e.m.c.i.embedder.EclipseLogger - Test Source directory: E:\Automation\7-7-2022\ProViewTestAutomation\ProviewAutomation\PDQS\Tests added.
2022-07-08 11:09:27,971 [Worker-11: Building] WARN  o.e.m.c.i.embedder.EclipseLogger - Using platform encoding (UTF-8 actually) to copy filtered resources, i.e. build is platform dependent!
2022-07-08 11:09:28,131 [Worker-11: Building] INFO  o.e.m.c.i.embedder.EclipseLogger - Copying 598 resources
2022-07-08 11:10:41,340 [Worker-11: Building] WARN  o.e.m.c.i.embedder.EclipseLogger - Using platform encoding (UTF-8 actually) to copy filtered resources, i.e. build is platform dependent!
2022-07-08 11:10:41,884 [Worker-11: Building] INFO  o.e.m.c.i.embedder.EclipseLogger - skip non existing resourceDirectory E:\Automation\7-7-2022\ProViewTestAutomation\ProviewAutomation\src\test\resources
2022-07-08 11:10:52,474 [Worker-10: Launching EPMMHomeTest] INFO  o.e.m.c.i.embedder.EclipseLogger - Source directory: E:\Automation\7-7-2022\ProViewTestAutomation\ProviewAutomation\API\FW added.
2022-07-08 11:10:52,475 [Worker-10: Launching EPMMHomeTest] INFO  o.e.m.c.i.embedder.EclipseLogger - Source directory: E:\Automation\7-7-2022\ProViewTestAutomation\ProviewAutomation\UI\FW added.
2022-07-08 11:10:52,475 [Worker-10: Launching EPMMHomeTest] INFO  o.e.m.c.i.embedder.EclipseLogger - Source directory: E:\Automation\7-7-2022\ProViewTestAutomation\ProviewAutomation\PDQS\FW added.
2022-07-08 11:10:52,475 [Worker-10: Launching EPMMHomeTest] INFO  o.e.m.c.i.embedder.EclipseLogger - Source directory: E:\Automation\7-7-2022\ProViewTestAutomation\ProviewAutomation\utils added.
2022-07-08 11:10:52,477 [Worker-10: Launching EPMMHomeTest] INFO  o.e.m.c.i.embedder.EclipseLogger - Test Source directory: E:\Automation\7-7-2022\ProViewTestAutomation\ProviewAutomation\API\Tests added.
2022-07-08 11:10:52,478 [Worker-10: Launching EPMMHomeTest] INFO  o.e.m.c.i.embedder.EclipseLogger - Test Source directory: E:\Automation\7-7-2022\ProViewTestAutomation\ProviewAutomation\PDQS\Tests added.
2022-07-08 11:10:52,480 [Worker-10: Launching EPMMHomeTest] WARN  o.e.m.c.i.embedder.EclipseLogger - Using platform encoding (UTF-8 actually) to copy filtered resources, i.e. build is platform dependent!
2022-07-08 11:10:52,565 [Worker-10: Launching EPMMHomeTest] INFO  o.e.m.c.i.embedder.EclipseLogger - Copying 598 resources
2022-07-08 11:10:52,677 [Worker-10: Launching EPMMHomeTest] WARN  o.e.m.c.i.embedder.EclipseLogger - Using platform encoding (UTF-8 actually) to copy filtered resources, i.e. build is platform dependent!
2022-07-08 11:10:52,687 [Worker-10: Launching EPMMHomeTest] INFO  o.e.m.c.i.embedder.EclipseLogger - skip non existing resourceDirectory E:\Automation\7-7-2022\ProViewTestAutomation\ProviewAutomation\src\test\resources
2022-07-08 12:18:12,269 [Worker-0: Building] INFO  o.e.m.c.i.embedder.EclipseLogger - Source directory: E:\Automation\7-7-2022\ProViewTestAutomation\ProviewAutomation\API\FW added.
2022-07-08 12:18:12,321 [Worker-0: Building] INFO  o.e.m.c.i.embedder.EclipseLogger - Source directory: E:\Automation\7-7-2022\ProViewTestAutomation\ProviewAutomation\UI\FW added.
2022-07-08 12:18:12,322 [Worker-0: Building] INFO  o.e.m.c.i.embedder.EclipseLogger - Source directory: E:\Automation\7-7-2022\ProViewTestAutomation\ProviewAutomation\PDQS\FW added.
2022-07-08 12:18:12,322 [Worker-0: Building] INFO  o.e.m.c.i.embedder.EclipseLogger - Source directory: E:\Automation\7-7-2022\ProViewTestAutomation\ProviewAutomation\utils added.
2022-07-08 12:18:12,325 [Worker-0: Building] INFO  o.e.m.c.i.embedder.EclipseLogger - Test Source directory: E:\Automation\7-7-2022\ProViewTestAutomation\ProviewAutomation\API\Tests added.
2022-07-08 12:18:12,327 [Worker-0: Building] INFO  o.e.m.c.i.embedder.EclipseLogger - Test Source directory: E:\Automation\7-7-2022\ProViewTestAutomation\ProviewAutomation\PDQS\Tests added.
2022-07-08 12:18:12,453 [Worker-0: Building] WARN  o.e.m.c.i.embedder.EclipseLogger - Using platform encoding (UTF-8 actually) to copy filtered resources, i.e. build is platform dependent!
2022-07-08 12:18:12,528 [Worker-0: Building] INFO  o.e.m.c.i.embedder.EclipseLogger - Copying 0 resource
2022-07-08 12:18:12,541 [Worker-0: Building] WARN  o.e.m.c.i.embedder.EclipseLogger - Using platform encoding (UTF-8 actually) to copy filtered resources, i.e. build is platform dependent!
2022-07-08 12:18:12,559 [Worker-0: Building] INFO  o.e.m.c.i.embedder.EclipseLogger - skip non existing resourceDirectory E:\Automation\7-7-2022\ProViewTestAutomation\ProviewAutomation\src\test\resources
